TN:
SF:src\app.ts
FN:14,createApp
FNF:1
FNH:1
FNDA:17,createApp
DA:1,1
DA:2,1
DA:3,1
DA:4,1
DA:5,1
DA:11,1
DA:12,1
DA:14,1
DA:15,17
DA:16,17
DA:18,17
DA:19,17
DA:20,17
DA:22,17
DA:23,17
DA:24,17
DA:25,17
DA:26,17
DA:27,17
DA:28,17
DA:29,17
DA:30,17
DA:31,17
DA:32,17
DA:33,17
DA:34,17
DA:36,17
DA:37,17
DA:39,17
DA:40,17
DA:41,17
DA:42,17
DA:43,17
DA:44,17
DA:45,17
DA:46,17
DA:47,17
DA:48,17
DA:49,17
DA:51,17
DA:52,17
DA:53,17
DA:55,17
DA:56,2
DA:57,2
DA:58,2
DA:59,2
DA:60,2
DA:61,2
DA:62,2
DA:63,2
DA:64,17
DA:66,17
DA:67,1
DA:68,17
DA:70,17
DA:71,17
LF:57
LH:57
BRDA:14,0,0,17
BRDA:18,1,0,17
BRDA:23,2,0,17
BRDA:39,3,0,17
BRDA:47,4,0,0
BRDA:55,5,0,2
BRDA:60,6,0,0
BRDA:66,7,0,1
BRF:8
BRH:6
end_of_record
TN:
SF:src\index.ts
FN:1,(empty-report)
FNF:1
FNH:0
FNDA:0,(empty-report)
DA:1,0
DA:2,0
DA:3,0
DA:4,0
DA:5,0
DA:6,0
DA:7,0
DA:9,0
DA:10,0
DA:11,0
DA:13,0
DA:14,0
DA:15,0
DA:16,0
DA:17,0
DA:18,0
DA:19,0
DA:20,0
DA:21,0
DA:22,0
DA:24,0
DA:26,0
DA:28,0
DA:29,0
DA:30,0
DA:31,0
DA:32,0
DA:33,0
DA:35,0
LF:29
LH:0
BRDA:1,0,0,0
BRF:1
BRH:0
end_of_record
TN:
SF:src\worker.ts
FN:10,createWorkerApp
FN:73,startWorkerService
FNF:2
FNH:0
FNDA:0,createWorkerApp
FNDA:0,startWorkerService
DA:1,1
DA:2,1
DA:3,1
DA:4,1
DA:5,1
DA:6,1
DA:7,1
DA:8,1
DA:10,0
DA:11,0
DA:13,0
DA:14,0
DA:15,0
DA:17,0
DA:18,0
DA:19,0
DA:20,0
DA:21,0
DA:22,0
DA:23,0
DA:24,0
DA:25,0
DA:26,0
DA:27,0
DA:28,0
DA:29,0
DA:31,0
DA:32,0
DA:34,0
DA:35,0
DA:36,0
DA:37,0
DA:38,0
DA:39,0
DA:40,0
DA:42,0
DA:44,0
DA:45,0
DA:46,0
DA:47,0
DA:48,0
DA:49,0
DA:50,0
DA:51,0
DA:52,0
DA:53,0
DA:54,0
DA:55,0
DA:57,0
DA:58,0
DA:59,0
DA:60,0
DA:61,0
DA:62,0
DA:63,0
DA:64,0
DA:65,0
DA:66,0
DA:67,0
DA:68,0
DA:70,0
DA:71,0
DA:73,0
DA:74,0
DA:76,0
DA:77,0
DA:78,0
DA:79,0
DA:81,0
DA:82,0
DA:83,0
DA:85,0
DA:87,0
DA:88,0
DA:89,0
DA:90,0
DA:91,0
DA:92,0
DA:93,0
DA:94,0
DA:95,0
DA:96,0
DA:97,0
DA:98,0
DA:99,0
DA:101,1
DA:102,0
DA:103,0
LF:88
LH:9
BRDA:101,0,0,0
BRF:1
BRH:0
end_of_record
TN:
SF:src\agent\agentClient.ts
FN:23,useMockAgent
FN:27,getNumericMetric
FN:31,getFleetStateSample
FN:37,formatSpeedRecords
FN:57,getMockResponse
FN:173,buildDirectResponse
FN:252,normalizeFunctionOutput
FN:266,extractMinMinutes
FN:274,buildTrace
FN:311,executeAgentQuery
FN:443,queryAgent
FN:452,queryAgentWithOptions
FNF:12
FNH:9
FNDA:3,useMockAgent
FNDA:10,getNumericMetric
FNDA:11,getFleetStateSample
FNDA:1,formatSpeedRecords
FNDA:2,getMockResponse
FNDA:9,buildDirectResponse
FNDA:0,normalizeFunctionOutput
FNDA:0,extractMinMinutes
FNDA:9,buildTrace
FNDA:9,executeAgentQuery
FNDA:1,queryAgent
FNDA:0,queryAgentWithOptions
DA:1,1
DA:2,1
DA:3,1
DA:4,1
DA:13,1
DA:21,1
DA:23,3
DA:24,3
DA:25,3
DA:27,10
DA:28,10
DA:29,10
DA:31,11
DA:32,11
DA:33,1
DA:34,0
DA:35,0
DA:37,1
DA:38,1
DA:39,0
DA:40,0
DA:41,0
DA:42,0
DA:44,1
DA:45,1
DA:46,0
DA:47,0
DA:48,0
DA:49,0
DA:51,1
DA:52,1
DA:53,1
DA:54,0
DA:55,1
DA:57,2
DA:58,2
DA:59,2
DA:60,2
DA:61,2
DA:62,2
DA:63,2
DA:64,2
DA:65,2
DA:66,2
DA:67,2
DA:69,2
DA:70,0
DA:71,0
DA:72,0
DA:73,0
DA:74,0
DA:75,0
DA:76,0
DA:77,0
DA:78,0
DA:80,2
DA:81,0
DA:82,0
DA:83,0
DA:84,0
DA:85,0
DA:86,0
DA:87,0
DA:88,0
DA:89,0
DA:91,2
DA:92,0
DA:93,0
DA:94,0
DA:95,0
DA:96,0
DA:97,0
DA:98,0
DA:99,0
DA:100,0
DA:101,0
DA:102,0
DA:103,0
DA:104,0
DA:105,0
DA:106,0
DA:107,0
DA:109,2
DA:110,1
DA:111,1
DA:112,1
DA:117,1
DA:118,1
DA:119,1
DA:120,1
DA:121,1
DA:122,1
DA:123,1
DA:124,1
DA:125,1
DA:127,2
DA:128,0
DA:129,0
DA:130,0
DA:131,0
DA:132,0
DA:133,0
DA:134,0
DA:135,0
DA:136,0
DA:137,0
DA:138,0
DA:139,0
DA:140,0
DA:141,0
DA:143,2
DA:144,0
DA:145,0
DA:146,0
DA:147,0
DA:148,0
DA:149,0
DA:150,0
DA:151,0
DA:152,0
DA:153,0
DA:154,0
DA:155,0
DA:156,0
DA:158,1
DA:159,1
DA:160,1
DA:161,1
DA:162,1
DA:163,1
DA:164,2
DA:165,2
DA:166,2
DA:167,2
DA:168,2
DA:169,2
DA:170,2
DA:171,2
DA:173,9
DA:174,9
DA:175,9
DA:176,9
DA:177,9
DA:178,9
DA:179,9
DA:180,9
DA:182,9
DA:183,1
DA:184,1
DA:185,1
DA:186,1
DA:188,1
DA:189,1
DA:190,1
DA:191,1
DA:192,1
DA:193,1
DA:194,1
DA:195,1
DA:196,1
DA:197,1
DA:198,1
DA:199,1
DA:200,1
DA:201,1
DA:203,8
DA:204,3
DA:206,3
DA:207,3
DA:208,3
DA:209,3
DA:210,3
DA:211,3
DA:212,3
DA:213,3
DA:214,3
DA:216,9
DA:217,1
DA:219,1
DA:220,1
DA:221,1
DA:222,1
DA:223,1
DA:224,1
DA:225,1
DA:226,1
DA:227,1
DA:229,4
DA:230,1
DA:231,1
DA:233,1
DA:234,1
DA:235,1
DA:237,1
DA:239,1
DA:240,1
DA:241,1
DA:242,1
DA:243,1
DA:244,1
DA:245,1
DA:246,1
DA:247,1
DA:249,3
DA:250,3
DA:252,0
DA:253,0
DA:254,0
DA:255,0
DA:256,0
DA:257,0
DA:258,0
DA:259,0
DA:260,0
DA:261,0
DA:262,0
DA:263,0
DA:264,0
DA:266,0
DA:267,0
DA:268,0
DA:270,0
DA:271,0
DA:272,0
DA:274,9
DA:275,9
DA:276,9
DA:277,9
DA:278,9
DA:279,9
DA:280,9
DA:281,9
DA:282,9
DA:283,9
DA:284,9
DA:285,9
DA:286,9
DA:287,9
DA:288,9
DA:289,9
DA:291,9
DA:292,9
DA:293,9
DA:294,9
DA:295,9
DA:296,9
DA:297,9
DA:298,9
DA:299,9
DA:300,9
DA:301,9
DA:302,9
DA:303,9
DA:304,9
DA:305,9
DA:306,9
DA:307,9
DA:308,9
DA:309,9
DA:311,9
DA:312,9
DA:313,9
DA:314,9
DA:315,9
DA:316,9
DA:317,9
DA:318,9
DA:319,9
DA:320,9
DA:321,9
DA:322,9
DA:323,9
DA:324,9
DA:325,9
DA:326,9
DA:327,9
DA:328,9
DA:330,9
DA:331,9
DA:332,6
DA:333,6
DA:334,6
DA:335,6
DA:336,6
DA:337,6
DA:338,6
DA:339,6
DA:340,6
DA:341,6
DA:342,6
DA:343,6
DA:344,6
DA:346,3
DA:347,2
DA:348,0
DA:349,0
DA:350,0
DA:351,0
DA:352,0
DA:353,0
DA:354,0
DA:355,0
DA:356,0
DA:357,0
DA:358,0
DA:359,0
DA:360,0
DA:361,0
DA:362,0
DA:363,0
DA:364,0
DA:365,0
DA:367,2
DA:368,0
DA:369,0
DA:370,0
DA:371,0
DA:372,0
DA:373,0
DA:374,0
DA:375,0
DA:376,0
DA:377,0
DA:378,0
DA:379,0
DA:380,0
DA:381,0
DA:382,0
DA:383,0
DA:384,0
DA:386,2
DA:387,2
DA:388,2
DA:389,2
DA:390,2
DA:391,2
DA:392,2
DA:393,2
DA:394,2
DA:395,2
DA:396,2
DA:397,2
DA:398,2
DA:399,2
DA:401,1
DA:402,1
DA:403,1
DA:404,1
DA:405,1
DA:406,1
DA:407,1
DA:409,1
DA:410,1
DA:411,1
DA:412,1
DA:413,1
DA:414,1
DA:415,1
DA:416,1
DA:417,1
DA:418,1
DA:419,1
DA:420,9
DA:421,9
DA:422,0
DA:423,0
DA:424,0
DA:425,0
DA:426,0
DA:427,0
DA:428,0
DA:429,0
DA:430,0
DA:431,0
DA:432,0
DA:433,0
DA:434,0
DA:435,0
DA:436,0
DA:437,0
DA:438,0
DA:439,0
DA:440,0
DA:441,9
DA:443,1
DA:444,1
DA:445,1
DA:446,1
DA:447,1
DA:448,1
DA:449,1
DA:450,1
DA:452,1
DA:453,0
DA:454,0
DA:455,0
DA:456,0
DA:457,0
DA:458,0
DA:460,1
LF:400
LH:249
BRDA:23,0,0,3
BRDA:24,1,0,2
BRDA:27,2,0,10
BRDA:28,3,0,0
BRDA:31,4,0,11
BRDA:32,5,0,10
BRDA:32,6,0,1
BRDA:33,7,0,0
BRDA:37,8,0,1
BRDA:38,9,0,0
BRDA:45,10,0,0
BRDA:53,11,0,0
BRDA:51,12,0,2
BRDA:57,13,0,2
BRDA:63,14,0,0
BRDA:65,15,0,0
BRDA:69,16,0,0
BRDA:69,17,0,0
BRDA:80,18,0,0
BRDA:80,19,0,0
BRDA:91,20,0,0
BRDA:109,21,0,1
BRDA:110,22,0,0
BRDA:123,23,0,0
BRDA:123,24,0,0
BRDA:127,25,0,1
BRDA:127,26,0,1
BRDA:127,27,0,0
BRDA:143,28,0,1
BRDA:143,29,0,1
BRDA:143,30,0,0
BRDA:164,31,0,0
BRDA:169,32,0,0
BRDA:173,33,0,9
BRDA:179,34,0,0
BRDA:182,35,0,1
BRDA:183,36,0,0
BRDA:201,37,0,8
BRDA:203,38,0,3
BRDA:214,39,0,5
BRDA:216,40,0,1
BRDA:227,41,0,4
BRDA:229,42,0,1
BRDA:231,43,0,0
BRDA:237,44,0,0
BRDA:247,45,0,3
BRDA:204,46,0,2
BRDA:230,47,0,3
BRDA:234,48,0,2
BRDA:234,49,0,0
BRDA:235,50,0,2
BRDA:243,51,0,2
BRDA:274,52,0,9
BRDA:288,53,0,1
BRDA:301,54,0,1
BRDA:302,55,0,8
BRDA:302,56,0,1
BRDA:302,57,0,0
BRDA:311,58,0,9
BRDA:318,59,0,3
BRDA:331,60,0,6
BRDA:339,61,0,0
BRDA:344,62,0,3
BRDA:346,63,0,2
BRDA:347,64,0,0
BRDA:367,65,0,0
BRDA:394,66,0,0
BRDA:399,67,0,1
BRDA:421,68,0,0
BRDA:443,69,0,1
BRF:70
BRH:40
end_of_record
TN:
SF:src\agent\agentContext.ts
FN:32,compactVehicle
FN:46,buildFleetSample
FN:58,buildRecentConversationContext
FN:68,buildAgentPromptContext
FNF:4
FNH:3
FNDA:0,compactVehicle
FNDA:3,buildFleetSample
FNDA:3,buildRecentConversationContext
FNDA:3,buildAgentPromptContext
DA:32,0
DA:33,0
DA:34,0
DA:36,0
DA:37,0
DA:38,0
DA:39,0
DA:40,0
DA:41,0
DA:42,0
DA:43,0
DA:44,0
DA:46,1
DA:47,3
DA:49,0
DA:50,0
DA:51,0
DA:52,0
DA:53,0
DA:54,0
DA:55,0
DA:56,0
DA:58,1
DA:59,3
DA:60,1
DA:61,1
DA:62,1
DA:63,1
DA:64,1
DA:65,3
DA:66,3
DA:68,1
DA:76,3
DA:77,3
DA:78,3
DA:79,3
DA:80,3
DA:81,3
DA:82,3
DA:83,3
DA:84,3
DA:85,3
DA:86,3
DA:87,3
LF:44
LH:24
BRDA:46,0,0,3
BRDA:47,1,0,0
BRDA:58,2,0,3
BRDA:59,3,0,1
BRDA:63,4,0,0
BRDA:68,5,0,3
BRDA:80,6,0,2
BRF:7
BRH:5
end_of_record
TN:
SF:src\agent\agentConversation.ts
FN:60,stripAccents
FN:64,toTitleCase
FN:72,cleanQuestionForTitle
FN:79,summarizeQuestion
FN:92,getConversationSourceQuestion
FN:96,formatList
FN:103,formatDatetime
FN:112,formatMetricReply
FN:157,formatVehicleListReply
FN:186,formatSpeedReply
FN:228,formatDetailReply
FN:257,renderAgentReply
FN:275,buildConversationTitle
FN:288,buildConversationSummary
FN:305,loadAgentConversation
FN:309,createConversationId
FN:313,buildConversationMessages
FN:331,buildConversationContext
FN:343,isFollowUpQuestion
FN:364,enrichQuestionWithHistory
FN:388,persistAgentExecution
FN:392,buildNextTurnIndex
FN:396,buildExecutionConversationId
FNF:23
FNH:13
FNDA:0,stripAccents
FNDA:0,toTitleCase
FNDA:0,cleanQuestionForTitle
FNDA:0,summarizeQuestion
FNDA:0,getConversationSourceQuestion
FNDA:2,formatList
FNDA:0,formatDatetime
FNDA:3,formatMetricReply
FNDA:3,formatVehicleListReply
FNDA:3,formatSpeedReply
FNDA:3,formatDetailReply
FNDA:3,renderAgentReply
FNDA:0,buildConversationTitle
FNDA:0,buildConversationSummary
FNDA:0,loadAgentConversation
FNDA:9,createConversationId
FNDA:9,buildConversationMessages
FNDA:9,buildConversationContext
FNDA:1,isFollowUpQuestion
FNDA:9,enrichQuestionWithHistory
FNDA:0,persistAgentExecution
FNDA:9,buildNextTurnIndex
FNDA:9,buildExecutionConversationId
DA:1,1
DA:9,1
DA:11,1
DA:12,1
DA:13,1
DA:14,1
DA:15,1
DA:16,1
DA:17,1
DA:18,1
DA:19,1
DA:20,1
DA:21,1
DA:23,1
DA:24,1
DA:25,1
DA:26,1
DA:27,1
DA:28,1
DA:29,1
DA:30,1
DA:31,1
DA:32,1
DA:33,1
DA:34,1
DA:35,1
DA:36,1
DA:37,1
DA:38,1
DA:39,1
DA:40,1
DA:41,1
DA:42,1
DA:43,1
DA:44,1
DA:45,1
DA:46,1
DA:47,1
DA:48,1
DA:49,1
DA:50,1
DA:51,1
DA:52,1
DA:53,1
DA:54,1
DA:55,1
DA:56,1
DA:57,1
DA:58,1
DA:60,0
DA:61,0
DA:62,0
DA:64,0
DA:65,0
DA:66,0
DA:67,0
DA:68,0
DA:69,0
DA:70,0
DA:72,0
DA:73,0
DA:74,0
DA:75,0
DA:76,0
DA:77,0
DA:79,0
DA:80,0
DA:81,0
DA:82,0
DA:83,0
DA:85,0
DA:86,0
DA:87,0
DA:89,0
DA:90,0
DA:92,0
DA:93,0
DA:94,0
DA:96,2
DA:97,2
DA:98,2
DA:99,0
DA:100,0
DA:101,0
DA:103,0
DA:104,0
DA:106,0
DA:107,0
DA:108,0
DA:109,0
DA:110,0
DA:112,3
DA:113,3
DA:114,3
DA:116,3
DA:117,2
DA:118,0
DA:119,0
DA:120,0
DA:121,2
DA:123,3
DA:125,0
DA:126,0
DA:127,0
DA:128,0
DA:130,3
DA:131,0
DA:132,0
DA:133,0
DA:134,0
DA:135,0
DA:137,0
DA:138,0
DA:139,0
DA:141,0
DA:142,0
DA:143,0
DA:144,0
DA:146,3
DA:147,0
DA:148,0
DA:150,0
DA:151,0
DA:152,0
DA:154,0
DA:155,0
DA:157,3
DA:158,3
DA:159,3
DA:160,3
DA:161,0
DA:162,0
DA:163,0
DA:165,3
DA:166,3
DA:167,2
DA:168,2
DA:169,2
DA:170,3
DA:171,3
DA:173,3
DA:175,3
DA:176,2
DA:177,2
DA:179,0
DA:180,0
DA:181,0
DA:183,0
DA:184,0
DA:186,3
DA:187,3
DA:188,3
DA:190,0
DA:191,3
DA:192,3
DA:194,3
DA:195,3
DA:196,0
DA:197,0
DA:198,0
DA:199,0
DA:200,0
DA:201,0
DA:202,3
DA:203,3
DA:204,3
DA:205,0
DA:206,3
DA:207,3
DA:209,3
DA:210,0
DA:211,0
DA:212,0
DA:213,0
DA:215,0
DA:216,0
DA:217,0
DA:218,0
DA:219,0
DA:220,0
DA:222,0
DA:223,0
DA:224,0
DA:225,0
DA:226,3
DA:228,3
DA:229,3
DA:230,3
DA:232,0
DA:233,0
DA:234,0
DA:236,3
DA:238,3
DA:239,3
DA:240,3
DA:241,0
DA:242,0
DA:243,0
DA:244,3
DA:245,3
DA:246,3
DA:248,3
DA:249,3
DA:250,3
DA:251,3
DA:252,3
DA:254,3
DA:255,3
DA:257,1
DA:258,3
DA:259,0
DA:260,0
DA:262,3
DA:263,0
DA:264,0
DA:266,3
DA:267,3
DA:268,3
DA:269,3
DA:270,3
DA:271,1
DA:273,3
DA:275,1
DA:276,0
DA:277,0
DA:278,0
DA:279,0
DA:280,0
DA:281,0
DA:282,0
DA:283,0
DA:285,0
DA:286,0
DA:288,1
DA:289,0
DA:290,0
DA:291,0
DA:292,0
DA:293,0
DA:294,0
DA:295,0
DA:296,0
DA:298,0
DA:299,0
DA:300,0
DA:302,0
DA:303,0
DA:305,0
DA:306,0
DA:307,0
DA:309,1
DA:310,9
DA:311,9
DA:313,1
DA:314,9
DA:315,9
DA:316,9
DA:317,9
DA:318,9
DA:319,9
DA:320,1
DA:321,1
DA:322,1
DA:323,1
DA:324,1
DA:325,1
DA:326,1
DA:327,1
DA:328,9
DA:329,9
DA:331,1
DA:332,9
DA:333,9
DA:334,1
DA:335,1
DA:336,1
DA:337,1
DA:338,1
DA:339,9
DA:340,9
DA:341,9
DA:343,1
DA:344,1
DA:345,1
DA:346,1
DA:347,0
DA:348,0
DA:349,0
DA:350,0
DA:351,0
DA:352,0
DA:353,0
DA:354,0
DA:355,0
DA:356,0
DA:357,0
DA:358,0
DA:359,0
DA:360,0
DA:362,1
DA:364,1
DA:365,9
DA:366,9
DA:367,9
DA:368,9
DA:369,8
DA:370,8
DA:372,1
DA:373,1
DA:374,1
DA:375,1
DA:376,1
DA:377,1
DA:378,1
DA:379,1
DA:380,1
DA:381,1
DA:382,1
DA:383,9
DA:384,9
DA:385,9
DA:386,9
DA:388,0
DA:389,0
DA:390,0
DA:392,1
DA:393,9
DA:394,9
DA:396,1
DA:397,9
DA:398,9
DA:399,9
DA:400,9
LF:333
LH:185
BRDA:96,0,0,2
BRDA:97,1,0,0
BRDA:98,2,0,0
BRDA:112,3,0,3
BRDA:113,4,0,0
BRDA:116,5,0,2
BRDA:117,6,0,0
BRDA:117,7,0,0
BRDA:123,8,0,0
BRDA:130,9,0,0
BRDA:146,10,0,0
BRDA:157,11,0,3
BRDA:160,12,0,0
BRDA:173,13,0,1
BRDA:173,14,0,2
BRDA:175,15,0,0
BRDA:175,16,0,2
BRDA:177,17,0,0
BRDA:166,18,0,2
BRDA:167,19,0,0
BRDA:169,20,0,0
BRDA:171,21,0,2
BRDA:186,22,0,3
BRDA:188,23,0,0
BRDA:191,24,0,0
BRDA:192,25,0,0
BRDA:192,26,0,0
BRDA:209,27,0,0
BRDA:223,28,0,0
BRDA:224,29,0,0
BRDA:228,30,0,3
BRDA:230,31,0,0
BRDA:236,32,0,0
BRDA:238,33,0,0
BRDA:240,34,0,0
BRDA:240,35,0,0
BRDA:240,36,0,0
BRDA:241,37,0,0
BRDA:242,38,0,0
BRDA:244,39,0,0
BRDA:244,40,0,0
BRDA:244,41,0,0
BRDA:245,42,0,0
BRDA:245,43,0,0
BRDA:245,44,0,0
BRDA:246,45,0,0
BRDA:249,46,0,0
BRDA:249,47,0,0
BRDA:250,48,0,0
BRDA:250,49,0,0
BRDA:251,50,0,0
BRDA:251,51,0,0
BRDA:257,52,0,3
BRDA:258,53,0,0
BRDA:258,54,0,0
BRDA:262,55,0,0
BRDA:262,56,0,0
BRDA:270,57,0,1
BRDA:309,58,0,9
BRDA:313,59,0,9
BRDA:319,60,0,1
BRDA:331,61,0,9
BRDA:333,62,0,1
BRDA:337,63,0,0
BRDA:343,64,0,1
BRDA:346,65,0,0
BRDA:347,66,0,0
BRDA:348,67,0,0
BRDA:349,68,0,0
BRDA:350,69,0,0
BRDA:351,70,0,0
BRDA:352,71,0,0
BRDA:353,72,0,0
BRDA:354,73,0,0
BRDA:355,74,0,0
BRDA:356,75,0,0
BRDA:357,76,0,0
BRDA:358,77,0,0
BRDA:359,78,0,0
BRDA:364,79,0,9
BRDA:368,80,0,1
BRDA:368,81,0,8
BRDA:370,82,0,1
BRDA:392,83,0,9
BRDA:393,84,0,1
BRDA:393,85,0,8
BRDA:396,86,0,9
BRDA:399,87,0,0
BRF:88
BRH:27
end_of_record
TN:
SF:src\agent\agentFunctionCaller.ts
FN:18,runTool
FN:43,getToolSpecs
FNF:2
FNH:0
FNDA:0,runTool
FNDA:0,getToolSpecs
DA:1,1
DA:18,0
DA:19,0
DA:20,0
DA:21,0
DA:22,0
DA:23,0
DA:24,0
DA:25,0
DA:26,0
DA:27,0
DA:28,0
DA:29,0
DA:30,0
DA:31,0
DA:32,0
DA:33,0
DA:34,0
DA:35,0
DA:36,0
DA:37,0
DA:38,0
DA:39,0
DA:40,0
DA:41,0
DA:43,1
DA:44,0
DA:45,0
DA:46,0
DA:47,0
DA:48,0
DA:49,0
DA:50,0
DA:51,0
DA:52,0
DA:53,0
DA:54,0
DA:55,0
DA:56,0
DA:57,0
DA:58,0
DA:59,0
DA:60,0
DA:61,0
DA:62,0
DA:63,0
DA:64,0
DA:65,0
DA:66,0
DA:67,0
DA:68,0
DA:69,0
DA:70,0
DA:71,0
DA:72,0
DA:73,0
DA:74,0
DA:75,0
DA:76,0
DA:77,0
DA:78,0
DA:79,0
DA:80,0
DA:81,0
DA:82,0
DA:83,0
DA:84,0
DA:85,0
DA:86,0
DA:87,0
DA:88,0
DA:89,0
DA:90,0
DA:91,0
DA:92,0
DA:93,0
DA:94,0
DA:95,0
DA:96,0
DA:97,0
DA:98,0
DA:99,0
DA:100,0
DA:101,0
DA:102,0
DA:103,0
DA:104,0
DA:105,0
DA:106,0
DA:107,0
DA:108,0
DA:109,0
DA:110,0
DA:111,0
DA:112,0
DA:113,0
DA:114,0
DA:115,0
DA:116,0
DA:117,0
DA:118,0
DA:119,0
DA:120,0
DA:121,0
DA:122,0
DA:123,0
DA:124,0
DA:125,0
DA:126,0
DA:127,0
DA:128,0
DA:129,0
DA:130,0
DA:131,0
DA:132,0
DA:133,0
DA:134,0
DA:135,0
DA:136,0
DA:137,0
DA:138,0
DA:139,0
DA:140,0
DA:141,0
LF:124
LH:2
BRF:0
BRH:0
end_of_record
TN:
SF:src\agent\agentIntentRouter.ts
FN:40,normalizeQuestion
FN:44,stripAccents
FN:48,startsWithFollowUpMarker
FN:53,mentionsStopped
FN:58,mentionsOffline
FN:63,mentionsCount
FN:68,mentionsList
FN:73,mentionsCriticalZones
FN:78,mentionsLocation
FN:83,mentionsSpeed
FN:88,mentionsPeakSpeed
FN:95,mentionsVehicleDetail
FN:100,mentionsVehicleEvents
FN:105,extractMinMinutes
FN:113,extractSpeedThreshold
FN:122,getLastTurn
FN:126,classifyAgentIntent
FNF:17
FNH:17
FNDA:16,normalizeQuestion
FNDA:144,stripAccents
FNDA:16,startsWithFollowUpMarker
FNDA:21,mentionsStopped
FNDA:16,mentionsOffline
FNDA:9,mentionsCount
FNDA:1,mentionsList
FNDA:28,mentionsCriticalZones
FNDA:8,mentionsLocation
FNDA:22,mentionsSpeed
FNDA:2,mentionsPeakSpeed
FNDA:8,mentionsVehicleDetail
FNDA:8,mentionsVehicleEvents
FNDA:14,extractMinMinutes
FNDA:2,extractSpeedThreshold
FNDA:3,getLastTurn
FNDA:16,classifyAgentIntent
DA:26,1
DA:27,1
DA:28,1
DA:29,1
DA:30,1
DA:31,1
DA:32,1
DA:33,1
DA:34,1
DA:35,1
DA:36,1
DA:37,1
DA:38,1
DA:40,16
DA:41,16
DA:42,16
DA:44,144
DA:45,144
DA:46,144
DA:48,16
DA:49,16
DA:50,16
DA:51,16
DA:53,21
DA:54,21
DA:55,21
DA:56,21
DA:58,16
DA:59,16
DA:60,16
DA:61,16
DA:63,9
DA:64,9
DA:65,9
DA:66,9
DA:68,1
DA:69,1
DA:70,1
DA:71,1
DA:73,28
DA:74,28
DA:75,28
DA:76,28
DA:78,8
DA:79,8
DA:80,8
DA:81,8
DA:83,22
DA:84,22
DA:85,22
DA:86,22
DA:88,2
DA:89,2
DA:90,2
DA:91,2
DA:92,2
DA:93,2
DA:95,8
DA:96,8
DA:97,8
DA:98,8
DA:100,8
DA:101,8
DA:102,8
DA:103,8
DA:105,14
DA:106,14
DA:107,14
DA:109,0
DA:110,14
DA:111,14
DA:113,2
DA:114,2
DA:115,2
DA:116,2
DA:118,2
DA:119,2
DA:120,2
DA:122,3
DA:123,3
DA:124,3
DA:126,1
DA:127,16
DA:128,16
DA:129,16
DA:130,16
DA:132,16
DA:133,2
DA:134,2
DA:135,2
DA:136,2
DA:137,2
DA:138,2
DA:139,2
DA:140,2
DA:142,16
DA:143,0
DA:144,0
DA:145,0
DA:146,0
DA:147,0
DA:148,0
DA:149,0
DA:150,0
DA:152,16
DA:153,0
DA:154,0
DA:155,0
DA:156,0
DA:157,0
DA:158,0
DA:159,0
DA:160,0
DA:162,16
DA:163,2
DA:164,2
DA:165,2
DA:166,2
DA:167,2
DA:168,2
DA:169,2
DA:170,2
DA:171,2
DA:173,16
DA:174,3
DA:175,3
DA:176,3
DA:177,3
DA:178,3
DA:179,3
DA:180,3
DA:181,3
DA:183,16
DA:184,1
DA:185,1
DA:186,1
DA:187,1
DA:188,1
DA:189,1
DA:190,1
DA:191,1
DA:193,14
DA:194,0
DA:195,0
DA:196,0
DA:197,0
DA:198,0
DA:199,0
DA:200,0
DA:201,0
DA:203,14
DA:204,0
DA:205,0
DA:206,0
DA:207,0
DA:208,0
DA:209,0
DA:210,0
DA:211,0
DA:213,14
DA:214,0
DA:215,0
DA:216,0
DA:217,0
DA:218,0
DA:219,0
DA:220,0
DA:221,0
DA:223,14
DA:224,0
DA:225,0
DA:226,0
DA:227,0
DA:228,0
DA:229,0
DA:230,0
DA:231,0
DA:233,11
DA:234,3
DA:235,3
DA:237,3
DA:238,3
DA:239,3
DA:240,3
DA:241,3
DA:242,3
DA:243,3
DA:244,3
DA:245,3
DA:247,0
DA:248,0
DA:249,0
DA:250,0
DA:251,0
DA:252,0
DA:253,0
DA:254,0
DA:255,0
DA:257,0
DA:258,0
DA:259,0
DA:260,0
DA:261,0
DA:262,0
DA:263,0
DA:264,0
DA:266,10
DA:267,2
DA:268,2
DA:269,2
DA:270,2
DA:271,2
DA:272,2
DA:273,2
DA:274,2
DA:276,3
DA:277,3
DA:278,3
DA:279,3
DA:280,3
DA:281,3
DA:282,3
DA:283,3
LF:223
LH:157
BRDA:40,0,0,16
BRDA:44,1,0,144
BRDA:48,2,0,16
BRDA:50,3,0,146
BRDA:53,4,0,21
BRDA:58,5,0,16
BRDA:63,6,0,9
BRDA:68,7,0,1
BRDA:73,8,0,28
BRDA:78,9,0,8
BRDA:83,10,0,22
BRDA:88,11,0,2
BRDA:95,12,0,8
BRDA:100,13,0,8
BRDA:105,14,0,14
BRDA:107,15,0,0
BRDA:110,16,0,0
BRDA:110,17,0,0
BRDA:113,18,0,2
BRDA:116,19,0,0
BRDA:119,20,0,0
BRDA:122,21,0,3
BRDA:123,22,0,0
BRDA:126,23,0,16
BRDA:130,24,0,3
BRDA:132,25,0,2
BRDA:140,26,0,14
BRDA:142,27,0,0
BRDA:142,28,0,0
BRDA:150,29,0,14
BRDA:152,30,0,0
BRDA:160,31,0,14
BRDA:162,32,0,2
BRDA:162,33,0,15
BRDA:162,34,0,2
BRDA:171,35,0,12
BRDA:173,36,0,4
BRDA:173,37,0,13
BRDA:173,38,0,3
BRDA:181,39,0,9
BRDA:183,40,0,1
BRDA:183,41,0,14
BRDA:183,42,0,1
BRDA:191,43,0,8
BRDA:193,44,0,0
BRDA:201,45,0,8
BRDA:203,46,0,0
BRDA:211,47,0,8
BRDA:213,48,0,0
BRDA:221,49,0,8
BRDA:223,50,0,0
BRDA:231,51,0,11
BRDA:231,52,0,8
BRDA:233,53,0,3
BRDA:235,54,0,0
BRDA:245,55,0,0
BRDA:264,56,0,10
BRDA:264,57,0,5
BRDA:266,58,0,3
BRDA:266,59,0,2
BRF:60
BRH:45
end_of_record
TN:
SF:src\agent\agentProfiles.ts
FN:129,getAgentSpecialistProfile
FN:133,normalizeAgentSpecialist
FN:144,inferAgentSpecialist
FN:154,resolveAgentSpecialist
FN:158,buildAgentSystemPrompt
FNF:5
FNH:5
FNDA:1,getAgentSpecialistProfile
FNDA:10,normalizeAgentSpecialist
FNDA:8,inferAgentSpecialist
FNDA:10,resolveAgentSpecialist
FNDA:1,buildAgentSystemPrompt
DA:18,1
DA:19,1
DA:20,1
DA:21,1
DA:22,1
DA:23,1
DA:24,1
DA:25,1
DA:26,1
DA:27,1
DA:28,1
DA:29,1
DA:30,1
DA:31,1
DA:32,1
DA:33,1
DA:34,1
DA:35,1
DA:36,1
DA:37,1
DA:38,1
DA:39,1
DA:40,1
DA:41,1
DA:42,1
DA:43,1
DA:44,1
DA:45,1
DA:46,1
DA:47,1
DA:48,1
DA:49,1
DA:50,1
DA:51,1
DA:52,1
DA:53,1
DA:54,1
DA:55,1
DA:56,1
DA:57,1
DA:58,1
DA:59,1
DA:60,1
DA:61,1
DA:62,1
DA:63,1
DA:64,1
DA:65,1
DA:66,1
DA:67,1
DA:68,1
DA:69,1
DA:70,1
DA:71,1
DA:72,1
DA:73,1
DA:74,1
DA:75,1
DA:76,1
DA:78,1
DA:79,1
DA:80,1
DA:81,1
DA:82,1
DA:83,1
DA:84,1
DA:85,1
DA:86,1
DA:87,1
DA:88,1
DA:89,1
DA:90,1
DA:91,1
DA:92,1
DA:93,1
DA:94,1
DA:95,1
DA:96,1
DA:97,1
DA:98,1
DA:99,1
DA:100,1
DA:101,1
DA:102,1
DA:103,1
DA:104,1
DA:105,1
DA:106,1
DA:107,1
DA:108,1
DA:109,1
DA:110,1
DA:111,1
DA:112,1
DA:113,1
DA:114,1
DA:115,1
DA:116,1
DA:117,1
DA:118,1
DA:119,1
DA:120,1
DA:121,1
DA:122,1
DA:123,1
DA:124,1
DA:125,1
DA:126,1
DA:127,1
DA:129,1
DA:130,1
DA:131,1
DA:133,1
DA:134,10
DA:136,7
DA:137,7
DA:138,7
DA:139,7
DA:141,7
DA:142,10
DA:144,1
DA:145,8
DA:146,36
DA:147,5
DA:148,5
DA:149,36
DA:151,3
DA:152,3
DA:154,1
DA:155,10
DA:156,10
DA:158,1
DA:159,1
DA:160,1
DA:161,1
DA:162,1
DA:163,1
DA:164,1
DA:165,1
DA:166,1
DA:167,1
DA:168,1
DA:169,1
DA:170,1
DA:172,1
DA:174,1
DA:177,1
DA:180,1
DA:188,1
DA:214,1
LF:150
LH:150
BRDA:129,0,0,1
BRDA:133,1,0,10
BRDA:134,2,0,3
BRDA:134,3,0,7
BRDA:141,4,0,0
BRDA:138,5,0,12
BRDA:144,6,0,8
BRDA:145,7,0,36
BRDA:146,8,0,5
BRDA:149,9,0,3
BRDA:146,10,0,273
BRDA:154,11,0,10
BRDA:155,12,0,3
BRDA:158,13,0,1
BRF:14
BRH:13
end_of_record
TN:
SF:src\agent\agentTools.ts
FN:12,getFleetState
FN:17,getFleetSummary
FN:22,getVehicleDetail
FN:27,getVehicleEvents
FN:32,getFastestVehicles
FN:36,getStoppedVehicles
FN:45,getCriticalZones
FN:50,getVehiclesInCriticalZones
FN:55,getStoppedVehiclesInCriticalZones
FNF:9
FNH:0
FNDA:0,getFleetState
FNDA:0,getFleetSummary
FNDA:0,getVehicleDetail
FNDA:0,getVehicleEvents
FNDA:0,getFastestVehicles
FNDA:0,getStoppedVehicles
FNDA:0,getCriticalZones
FNDA:0,getVehiclesInCriticalZones
FNDA:0,getStoppedVehiclesInCriticalZones
DA:1,1
DA:12,0
DA:13,0
DA:14,0
DA:15,0
DA:17,0
DA:18,0
DA:19,0
DA:20,0
DA:22,0
DA:23,0
DA:24,0
DA:25,0
DA:27,0
DA:28,0
DA:29,0
DA:30,0
DA:32,0
DA:33,0
DA:34,0
DA:36,0
DA:37,0
DA:38,0
DA:39,0
DA:40,0
DA:41,0
DA:42,0
DA:43,0
DA:45,0
DA:46,0
DA:47,0
DA:48,0
DA:50,0
DA:51,0
DA:52,0
DA:53,0
DA:55,0
DA:56,0
DA:57,0
LF:39
LH:1
BRF:0
BRH:0
end_of_record
TN:
SF:src\agent\agentTypes.ts
FN:1,(empty-report)
FNF:1
FNH:1
FNDA:1,(empty-report)
LF:0
LH:0
BRDA:1,0,0,1
BRF:1
BRH:1
end_of_record
TN:
SF:src\agent\langchainAgent.ts
FN:30,makeTrackedTool
FN:38,name.name
FN:50,createTelemetryTools
FN:106,normalizeResponse
FN:123,queryAgentWithLangChain
FNF:5
FNH:4
FNDA:9,makeTrackedTool
FNDA:0,name.name
FNDA:1,createTelemetryTools
FNDA:1,normalizeResponse
FNDA:1,queryAgentWithLangChain
DA:1,1
DA:2,1
DA:3,1
DA:5,1
DA:17,1
DA:19,1
DA:20,1
DA:21,1
DA:22,1
DA:23,1
DA:24,1
DA:25,1
DA:26,1
DA:27,1
DA:28,1
DA:30,9
DA:31,9
DA:32,9
DA:33,9
DA:34,9
DA:35,9
DA:36,9
DA:37,9
DA:38,9
DA:39,0
DA:40,0
DA:41,0
DA:42,9
DA:43,9
DA:44,9
DA:45,9
DA:46,9
DA:47,9
DA:48,9
DA:50,1
DA:51,1
DA:52,1
DA:53,1
DA:54,1
DA:55,1
DA:56,1
DA:57,1
DA:58,1
DA:59,1
DA:60,1
DA:61,1
DA:62,1
DA:63,1
DA:64,1
DA:65,1
DA:66,1
DA:67,1
DA:68,1
DA:69,1
DA:70,1
DA:71,1
DA:72,1
DA:73,1
DA:74,1
DA:75,1
DA:76,1
DA:77,1
DA:78,1
DA:79,1
DA:80,1
DA:81,1
DA:82,1
DA:83,1
DA:84,1
DA:85,1
DA:86,1
DA:87,1
DA:88,1
DA:89,1
DA:90,1
DA:91,1
DA:92,1
DA:93,1
DA:94,1
DA:95,1
DA:96,1
DA:97,1
DA:98,1
DA:99,1
DA:100,1
DA:101,1
DA:102,1
DA:103,1
DA:104,1
DA:106,1
DA:107,1
DA:108,1
DA:109,1
DA:110,1
DA:111,1
DA:112,1
DA:113,1
DA:114,1
DA:115,1
DA:116,1
DA:117,1
DA:118,1
DA:119,1
DA:120,1
DA:121,1
DA:123,1
DA:124,1
DA:125,1
DA:126,1
DA:127,1
DA:128,1
DA:129,1
DA:130,1
DA:131,1
DA:132,1
DA:133,1
DA:134,1
DA:135,1
DA:136,1
DA:138,1
DA:139,1
DA:140,1
DA:142,1
DA:143,1
DA:144,1
DA:145,1
DA:146,1
DA:147,1
DA:148,1
DA:150,0
DA:151,1
DA:152,1
DA:153,1
DA:154,1
DA:155,1
DA:156,1
DA:157,1
DA:158,1
DA:159,1
DA:160,1
DA:161,1
DA:162,1
LF:142
LH:138
BRDA:30,0,0,9
BRDA:50,1,0,1
BRDA:106,2,0,1
BRDA:112,3,0,0
BRDA:113,4,0,0
BRDA:114,5,0,0
BRDA:115,6,0,0
BRDA:123,7,0,1
BRDA:148,8,0,0
BRDA:156,9,0,0
BRDA:156,10,0,0
BRDA:156,11,0,0
BRF:12
BRH:4
end_of_record
TN:
SF:src\application\telemetry\index.ts
FNF:0
FNH:0
DA:1,1
DA:2,1
DA:3,1
DA:5,1
DA:6,1
DA:7,1
DA:8,1
DA:9,1
DA:10,1
DA:11,1
LF:10
LH:10
BRF:0
BRH:0
end_of_record
TN:
SF:src\application\telemetry\ports.ts
FN:1,(empty-report)
FNF:1
FNH:1
FNDA:1,(empty-report)
LF:0
LH:0
BRDA:1,0,0,1
BRF:1
BRH:1
end_of_record
TN:
SF:src\application\telemetry\useCases.ts
FN:18,createTelemetryApplication
FN:25,recordEvents
FN:35,recordEvent
FN:40,getFleetSnapshot
FN:45,getFleetState
FN:50,getFleetSummary
FN:55,getVehicleEvents
FN:59,getFastestVehicles
FN:63,getVehicleDetail
FN:79,getCriticalZones
FN:83,getVehiclesInCriticalZones
FN:88,getStoppedVehiclesInCriticalZones
FNF:12
FNH:7
FNDA:9,createTelemetryApplication
FNDA:1,recordEvents
FNDA:1,recordEvent
FNDA:1,getFleetSnapshot
FNDA:0,getFleetState
FNDA:0,getFleetSummary
FNDA:0,getVehicleEvents
FNDA:1,getFastestVehicles
FNDA:0,getVehicleDetail
FNDA:0,getCriticalZones
FNDA:1,getVehiclesInCriticalZones
FNDA:1,getStoppedVehiclesInCriticalZones
DA:1,1
DA:2,1
DA:3,1
DA:9,1
DA:18,1
DA:22,9
DA:23,9
DA:25,9
DA:26,1
DA:27,1
DA:28,1
DA:29,0
DA:30,0
DA:31,1
DA:32,1
DA:33,1
DA:35,9
DA:36,1
DA:37,1
DA:38,1
DA:40,9
DA:41,1
DA:42,1
DA:43,1
DA:45,9
DA:46,0
DA:47,0
DA:48,0
DA:50,9
DA:51,0
DA:52,0
DA:53,0
DA:55,9
DA:56,0
DA:57,0
DA:59,9
DA:60,1
DA:61,1
DA:63,9
DA:64,0
DA:65,0
DA:66,0
DA:67,0
DA:69,0
DA:70,0
DA:72,0
DA:73,0
DA:74,0
DA:75,0
DA:76,0
DA:77,0
DA:79,9
DA:80,0
DA:81,0
DA:83,9
DA:84,1
DA:85,1
DA:86,1
DA:88,9
DA:89,1
DA:90,1
DA:91,1
DA:93,1
DA:94,1
DA:95,1
DA:96,1
DA:97,1
DA:98,1
DA:100,1
DA:101,1
DA:103,1
DA:104,1
DA:106,1
DA:107,1
DA:109,1
DA:110,1
DA:111,1
DA:112,1
DA:113,1
DA:114,1
DA:116,1
DA:117,1
DA:118,1
DA:119,1
DA:120,1
DA:122,9
DA:123,9
DA:124,9
DA:125,9
DA:126,9
DA:127,9
DA:128,9
DA:129,9
DA:130,9
DA:131,9
DA:132,9
DA:133,9
DA:134,9
DA:135,9
LF:99
LH:75
BRDA:18,0,0,9
BRDA:23,1,0,0
BRDA:25,2,0,1
BRDA:28,3,0,0
BRDA:35,4,0,1
BRDA:40,5,0,1
BRDA:59,6,0,1
BRDA:83,7,0,1
BRDA:88,8,0,1
BRDA:101,9,0,0
BRDA:104,10,0,0
BRDA:107,11,0,0
BRDA:94,12,0,1
BRF:13
BRH:8
end_of_record
TN:
SF:src\domain\telemetry.ts
FN:4,isTelemetryPayload
FN:8,buildTelemetryEvent
FN:28,buildTelemetryEvents
FNF:3
FNH:3
FNDA:5,isTelemetryPayload
FNDA:5,buildTelemetryEvent
FNDA:2,buildTelemetryEvents
DA:1,1
DA:4,5
DA:5,5
DA:6,5
DA:8,1
DA:9,5
DA:10,0
DA:11,0
DA:13,5
DA:14,1
DA:15,1
DA:17,4
DA:18,5
DA:19,5
DA:20,5
DA:21,5
DA:22,5
DA:23,5
DA:24,5
DA:25,5
DA:26,5
DA:28,1
DA:29,2
DA:30,0
DA:31,0
DA:33,2
DA:35,2
DA:36,3
DA:37,3
DA:38,3
DA:40,2
DA:41,2
LF:32
LH:28
BRDA:4,0,0,5
BRDA:8,1,0,5
BRDA:9,2,0,0
BRDA:13,3,0,4
BRDA:13,4,0,1
BRDA:15,5,0,4
BRDA:18,6,0,2
BRDA:20,7,0,2
BRDA:21,8,0,2
BRDA:22,9,0,2
BRDA:23,10,0,2
BRDA:24,11,0,2
BRDA:28,12,0,2
BRDA:29,13,0,0
BRDA:35,14,0,3
BRF:15
BRH:13
end_of_record
TN:
SF:src\events\broadcaster.ts
FN:33,extractTelemetryEvents
FN:55,InMemoryBroker
FN:58,start
FN:62,publishTelemetry
FN:66,publishTelemetryBatch
FN:72,publishTelemetryStrict
FN:76,publishTelemetryBatchStrict
FN:80,subscribeTelemetry
FN:84,isConnected
FN:89,RabbitBroker
FN:104,getReconnectDelayMs
FN:117,clearReconnectTimer
FN:124,markDisconnected
FN:136,scheduleReconnect
FN:150,connect
FN:226,start
FN:232,publishTelemetry
FN:243,publishTelemetryBatch
FN:264,publishTelemetryStrict
FN:268,publishTelemetryBatchStrict
FN:316,subscribeTelemetry
FN:321,isConnected
FN:328,startBroker
FN:332,isBrokerConnected
FN:336,publishTelemetry
FN:340,publishTelemetryBatch
FN:344,publishTelemetryStrict
FN:348,publishTelemetryBatchStrict
FN:352,subscribeTelemetry
FNF:29
FNH:1
FNDA:0,extractTelemetryEvents
FNDA:4,InMemoryBroker
FNDA:0,start
FNDA:0,publishTelemetry
FNDA:0,publishTelemetryBatch
FNDA:0,publishTelemetryStrict
FNDA:0,publishTelemetryBatchStrict
FNDA:0,subscribeTelemetry
FNDA:0,isConnected
FNDA:0,RabbitBroker
FNDA:0,getReconnectDelayMs
FNDA:0,clearReconnectTimer
FNDA:0,markDisconnected
FNDA:0,scheduleReconnect
FNDA:0,connect
FNDA:0,start
FNDA:0,publishTelemetry
FNDA:0,publishTelemetryBatch
FNDA:0,publishTelemetryStrict
FNDA:0,publishTelemetryBatchStrict
FNDA:0,subscribeTelemetry
FNDA:0,isConnected
FNDA:0,startBroker
FNDA:0,isBrokerConnected
FNDA:0,publishTelemetry
FNDA:0,publishTelemetryBatch
FNDA:0,publishTelemetryStrict
FNDA:0,publishTelemetryBatchStrict
FNDA:0,subscribeTelemetry
DA:1,1
DA:2,1
DA:4,1
DA:5,1
DA:19,1
DA:20,1
DA:21,1
DA:33,0
DA:34,0
DA:35,0
DA:36,0
DA:38,0
DA:40,0
DA:41,0
DA:42,0
DA:44,0
DA:45,0
DA:46,0
DA:48,0
DA:49,0
DA:50,0
DA:52,0
DA:53,0
DA:55,4
DA:56,4
DA:58,1
DA:59,0
DA:60,0
DA:62,1
DA:63,0
DA:64,0
DA:66,1
DA:67,0
DA:68,0
DA:69,0
DA:70,0
DA:72,1
DA:73,0
DA:74,0
DA:76,1
DA:77,0
DA:78,0
DA:80,1
DA:81,0
DA:82,0
DA:84,1
DA:85,0
DA:86,0
DA:87,1
DA:89,0
DA:90,0
DA:91,0
DA:92,0
DA:93,0
DA:94,0
DA:95,0
DA:96,0
DA:97,0
DA:98,0
DA:99,0
DA:100,0
DA:101,0
DA:102,0
DA:104,1
DA:105,0
DA:106,0
DA:107,0
DA:108,0
DA:109,0
DA:110,0
DA:111,0
DA:112,0
DA:114,0
DA:115,0
DA:117,1
DA:118,0
DA:119,0
DA:120,0
DA:121,0
DA:122,0
DA:124,1
DA:125,0
DA:126,0
DA:127,0
DA:129,0
DA:130,0
DA:131,0
DA:133,0
DA:134,0
DA:136,1
DA:137,0
DA:138,0
DA:139,0
DA:141,0
DA:142,0
DA:143,0
DA:144,0
DA:145,0
DA:147,0
DA:148,0
DA:150,1
DA:151,0
DA:152,0
DA:153,0
DA:155,0
DA:157,0
DA:158,0
DA:159,0
DA:160,0
DA:161,0
DA:162,0
DA:163,0
DA:164,0
DA:165,0
DA:166,0
DA:168,0
DA:169,0
DA:170,0
DA:172,0
DA:173,0
DA:175,0
DA:176,0
DA:177,0
DA:178,0
DA:179,0
DA:181,0
DA:182,0
DA:183,0
DA:185,0
DA:186,0
DA:187,0
DA:188,0
DA:189,0
DA:190,0
DA:191,0
DA:192,0
DA:193,0
DA:194,0
DA:195,0
DA:196,0
DA:197,0
DA:199,0
DA:200,0
DA:201,0
DA:202,0
DA:203,0
DA:204,0
DA:206,0
DA:207,0
DA:208,0
DA:209,0
DA:210,0
DA:211,0
DA:212,0
DA:213,0
DA:214,0
DA:215,0
DA:216,0
DA:217,0
DA:218,0
DA:219,0
DA:220,0
DA:221,0
DA:222,0
DA:223,0
DA:224,0
DA:226,1
DA:227,0
DA:228,0
DA:229,0
DA:230,0
DA:232,1
DA:233,0
DA:234,0
DA:235,0
DA:236,0
DA:237,0
DA:238,0
DA:239,0
DA:240,0
DA:241,0
DA:243,1
DA:244,0
DA:246,0
DA:247,0
DA:248,0
DA:250,0
DA:251,0
DA:252,0
DA:254,0
DA:255,0
DA:256,0
DA:257,0
DA:258,0
DA:259,0
DA:260,0
DA:261,0
DA:262,0
DA:264,1
DA:265,0
DA:266,0
DA:268,1
DA:269,0
DA:271,0
DA:272,0
DA:273,0
DA:275,0
DA:276,0
DA:277,0
DA:279,0
DA:280,0
DA:281,0
DA:282,0
DA:283,0
DA:284,0
DA:285,0
DA:286,0
DA:287,0
DA:288,0
DA:289,0
DA:290,0
DA:291,0
DA:292,0
DA:293,0
DA:294,0
DA:295,0
DA:297,0
DA:298,0
DA:299,0
DA:300,0
DA:301,0
DA:302,0
DA:303,0
DA:304,0
DA:305,0
DA:306,0
DA:307,0
DA:308,0
DA:309,0
DA:310,0
DA:311,0
DA:312,0
DA:313,0
DA:314,0
DA:316,1
DA:317,0
DA:318,0
DA:319,0
DA:321,1
DA:322,0
DA:323,0
DA:324,1
DA:326,1
DA:328,0
DA:329,0
DA:330,0
DA:332,0
DA:333,0
DA:334,0
DA:336,0
DA:337,0
DA:338,0
DA:340,0
DA:341,0
DA:342,0
DA:344,0
DA:345,0
DA:346,0
DA:348,0
DA:349,0
DA:350,0
DA:352,1
DA:353,0
DA:354,0
LF:274
LH:32
BRDA:326,0,0,0
BRDA:55,1,0,4
BRF:2
BRH:1
end_of_record
TN:
SF:src\events\outboxNotifier.ts
FN:12,getWorkerUrl
FN:19,getNotifyPath
FN:23,describeError
FN:27,notifyTelemetryOutboxWorker
FN:52,validateStatus
FNF:5
FNH:3
FNDA:2,getWorkerUrl
FNDA:1,getNotifyPath
FNDA:0,describeError
FNDA:2,notifyTelemetryOutboxWorker
FNDA:0,validateStatus
DA:1,1
DA:2,1
DA:3,1
DA:5,1
DA:7,1
DA:8,1
DA:9,1
DA:10,1
DA:12,2
DA:13,2
DA:14,2
DA:16,1
DA:17,1
DA:19,1
DA:20,1
DA:21,1
DA:23,0
DA:24,0
DA:25,0
DA:27,2
DA:28,2
DA:29,2
DA:30,1
DA:31,1
DA:32,1
DA:34,2
DA:35,0
DA:36,0
DA:37,0
DA:39,1
DA:41,1
DA:42,1
DA:43,1
DA:44,1
DA:45,1
DA:46,1
DA:47,1
DA:48,1
DA:49,1
DA:50,1
DA:51,1
DA:52,1
DA:53,1
DA:54,1
DA:56,1
DA:57,0
DA:58,0
DA:59,1
DA:60,1
DA:61,2
DA:62,2
DA:63,2
DA:64,2
DA:65,2
DA:67,1
DA:68,1
DA:69,2
DA:70,0
DA:71,0
DA:72,0
DA:73,0
DA:74,0
DA:75,0
DA:76,0
DA:77,0
DA:78,2
LF:66
LH:50
BRDA:12,0,0,2
BRDA:13,1,0,1
BRDA:14,2,0,1
BRDA:19,3,0,1
BRDA:27,4,0,2
BRDA:29,5,0,1
BRDA:29,6,0,1
BRDA:34,7,0,0
BRDA:37,8,0,1
BRDA:62,9,0,1
BRDA:63,10,0,1
BRDA:65,11,0,1
BRDA:69,12,0,0
BRDA:43,13,0,1
BRDA:56,14,0,0
BRDA:48,15,0,1
BRF:16
BRH:13
end_of_record
TN:
SF:src\events\outboxWorker.ts
FN:42,getRetryDelayMs
FN:55,describeError
FN:59,publishRecord
FN:61,attempts
FN:72,processRecord
FN:107,runOnce
FN:126,runTelemetryOutboxCycle
FN:130,startTelemetryOutboxWorker
FNF:8
FNH:7
FNDA:1,getRetryDelayMs
FNDA:2,describeError
FNDA:3,publishRecord
FNDA:7,attempts
FNDA:3,processRecord
FNDA:3,runOnce
FNDA:3,runTelemetryOutboxCycle
FNDA:0,startTelemetryOutboxWorker
DA:1,1
DA:3,1
DA:9,1
DA:10,1
DA:11,1
DA:13,1
DA:14,1
DA:15,1
DA:16,1
DA:17,1
DA:18,1
DA:19,1
DA:20,1
DA:21,1
DA:22,1
DA:23,1
DA:24,1
DA:25,1
DA:26,1
DA:27,1
DA:28,1
DA:29,1
DA:30,1
DA:31,1
DA:32,1
DA:33,1
DA:34,1
DA:35,1
DA:36,1
DA:38,1
DA:39,1
DA:40,1
DA:42,1
DA:43,1
DA:44,1
DA:45,1
DA:46,1
DA:47,1
DA:48,1
DA:49,1
DA:50,1
DA:52,1
DA:53,1
DA:55,2
DA:56,2
DA:57,2
DA:59,3
DA:60,3
DA:61,3
DA:62,7
DA:63,7
DA:64,3
DA:65,3
DA:66,3
DA:67,3
DA:68,3
DA:69,3
DA:70,1
DA:72,3
DA:73,3
DA:74,3
DA:75,1
DA:76,1
DA:77,1
DA:78,1
DA:79,1
DA:80,1
DA:81,1
DA:82,3
DA:83,2
DA:84,2
DA:85,1
DA:86,1
DA:87,1
DA:88,1
DA:89,1
DA:90,1
DA:91,1
DA:92,1
DA:93,1
DA:95,1
DA:96,1
DA:97,1
DA:98,1
DA:99,1
DA:100,1
DA:101,1
DA:102,1
DA:103,1
DA:104,1
DA:105,3
DA:107,3
DA:108,3
DA:109,3
DA:111,3
DA:112,3
DA:113,3
DA:115,3
DA:116,3
DA:117,3
DA:118,3
DA:119,3
DA:120,0
DA:121,3
DA:122,3
DA:123,3
DA:124,3
DA:126,3
DA:127,3
DA:128,3
DA:130,1
DA:131,0
DA:132,0
DA:133,0
DA:134,0
DA:135,0
DA:136,0
DA:137,0
DA:138,0
DA:139,0
DA:141,0
DA:142,0
DA:143,0
DA:144,0
DA:145,0
DA:147,0
DA:148,0
DA:149,0
DA:150,0
DA:151,0
DA:152,0
DA:153,0
DA:154,0
LF:133
LH:110
BRDA:15,0,0,0
BRDA:19,1,0,0
BRDA:23,2,0,0
BRDA:27,3,0,0
BRDA:31,4,0,0
BRDA:35,5,0,0
BRDA:42,6,0,1
BRDA:45,7,0,0
BRDA:49,8,0,0
BRDA:55,9,0,2
BRDA:56,10,0,0
BRDA:59,11,0,3
BRDA:69,12,0,1
BRDA:61,13,0,7
BRDA:62,14,0,1
BRDA:72,15,0,3
BRDA:74,16,0,1
BRDA:82,17,0,2
BRDA:84,18,0,1
BRDA:107,19,0,3
BRDA:108,20,0,0
BRDA:113,21,0,0
BRDA:119,22,0,0
BRDA:126,23,0,3
BRF:24
BRH:12
end_of_record
TN:
SF:src\events\telemetryConsumers.ts
FN:1,(empty-report)
FNF:1
FNH:1
FNDA:1,(empty-report)
DA:2,0
DA:4,0
DA:6,0
DA:7,0
DA:9,0
DA:10,0
DA:11,0
DA:12,0
DA:13,0
DA:14,0
DA:15,0
DA:16,0
DA:17,0
DA:18,0
DA:19,0
DA:20,0
DA:22,0
DA:23,0
DA:24,0
DA:25,0
DA:26,0
LF:21
LH:0
BRDA:1,0,0,1
BRF:1
BRH:1
end_of_record
TN:
SF:src\events\telemetryPublisher.ts
FN:1,(empty-report)
FNF:1
FNH:0
FNDA:0,(empty-report)
DA:1,0
DA:2,0
DA:4,0
DA:6,0
DA:7,0
DA:8,0
DA:9,0
DA:10,0
DA:11,0
DA:13,0
DA:14,0
DA:15,0
DA:16,0
DA:17,0
DA:18,0
DA:19,0
DA:20,0
DA:21,0
DA:22,0
DA:24,0
DA:25,0
DA:27,0
DA:28,0
DA:29,0
DA:30,0
DA:31,0
DA:32,0
DA:33,0
DA:34,0
DA:35,0
LF:30
LH:0
BRDA:1,0,0,0
BRF:1
BRH:0
end_of_record
TN:
SF:src\observability\metrics.ts
FN:41,incrementCounter
FN:45,recordTiming
FN:53,snapshotMetrics
FN:70,getHealthSummary
FNF:4
FNH:4
FNDA:30,incrementCounter
FNDA:17,recordTiming
FNDA:3,snapshotMetrics
FNDA:2,getHealthSummary
DA:20,1
DA:21,1
DA:22,1
DA:23,1
DA:24,1
DA:25,1
DA:26,1
DA:27,1
DA:28,1
DA:29,1
DA:30,1
DA:31,1
DA:32,1
DA:33,1
DA:34,1
DA:35,1
DA:36,1
DA:37,1
DA:39,1
DA:41,1
DA:42,30
DA:43,30
DA:45,1
DA:46,17
DA:47,12
DA:48,12
DA:49,17
DA:50,17
DA:51,17
DA:53,1
DA:54,3
DA:55,3
DA:56,2
DA:57,2
DA:58,2
DA:59,2
DA:60,2
DA:61,3
DA:62,3
DA:64,3
DA:65,3
DA:66,3
DA:67,3
DA:68,3
DA:70,1
DA:71,2
DA:72,2
DA:73,2
DA:74,2
DA:75,2
DA:76,2
LF:51
LH:51
BRDA:41,0,0,30
BRDA:45,1,0,17
BRDA:46,2,0,12
BRDA:53,3,0,3
BRDA:55,4,0,2
BRDA:59,5,0,0
BRDA:70,6,0,2
BRF:7
BRH:6
end_of_record
TN:
SF:src\observability\runtimeHealth.ts
FN:27,probeBrokerHealth
FN:46,probeDatabaseHealth
FN:65,probeRuntimeHealth
FNF:3
FNH:3
FNDA:2,probeBrokerHealth
FNDA:2,probeDatabaseHealth
FNDA:2,probeRuntimeHealth
DA:1,1
DA:2,1
DA:27,2
DA:28,2
DA:30,2
DA:31,2
DA:32,2
DA:33,2
DA:34,2
DA:35,2
DA:36,2
DA:38,0
DA:39,0
DA:40,0
DA:41,0
DA:42,0
DA:43,0
DA:44,0
DA:46,2
DA:47,2
DA:49,2
DA:50,2
DA:51,2
DA:52,2
DA:53,2
DA:54,2
DA:55,2
DA:57,0
DA:58,0
DA:59,0
DA:60,0
DA:61,0
DA:62,0
DA:63,0
DA:65,2
DA:66,2
DA:67,2
DA:69,2
DA:70,2
DA:71,2
DA:72,2
DA:73,2
DA:74,2
DA:75,2
DA:76,2
DA:77,2
DA:78,2
DA:79,2
LF:48
LH:34
BRDA:27,0,0,2
BRDA:28,1,0,0
BRDA:36,2,0,0
BRDA:46,3,0,2
BRDA:47,4,0,0
BRDA:55,5,0,0
BRDA:65,6,0,2
BRDA:70,7,0,0
BRF:8
BRH:3
end_of_record
TN:
SF:src\routes\agent.ts
FNF:0
FNH:0
DA:1,1
DA:2,1
DA:3,1
DA:4,1
DA:5,1
DA:10,1
DA:11,1
DA:12,1
DA:14,1
DA:16,1
DA:17,4
DA:18,4
DA:19,4
DA:21,3
DA:22,4
DA:23,4
DA:26,4
DA:27,3
DA:28,3
DA:29,3
DA:30,3
DA:31,3
DA:32,3
DA:33,3
DA:34,3
DA:36,3
DA:37,4
DA:38,4
DA:40,3
DA:41,3
DA:42,3
DA:43,4
DA:44,4
DA:45,4
DA:46,4
DA:47,0
DA:48,3
DA:49,4
DA:50,4
DA:51,4
DA:53,4
DA:54,4
DA:55,4
DA:56,4
DA:57,4
DA:58,3
DA:59,3
DA:60,3
DA:61,3
DA:62,4
DA:63,4
DA:64,4
DA:65,4
DA:66,4
DA:67,4
DA:68,4
DA:69,4
DA:70,4
DA:71,4
DA:72,4
DA:73,4
DA:74,4
DA:75,4
DA:76,4
DA:77,0
DA:78,0
DA:79,0
DA:80,0
DA:81,0
DA:82,0
DA:83,4
LF:71
LH:64
BRDA:16,0,0,4
BRDA:19,1,0,1
BRDA:19,2,0,3
BRDA:22,3,0,2
BRDA:26,4,0,3
BRDA:37,5,0,0
BRDA:37,6,0,3
BRDA:38,7,0,3
BRDA:43,8,0,2
BRDA:46,9,0,3
BRDA:46,10,0,0
BRDA:47,11,0,3
BRDA:57,12,0,3
BRDA:76,13,0,0
BRF:14
BRH:11
end_of_record
TN:
SF:src\routes\telemetry.ts
FN:8,isValidationError
FNF:1
FNH:1
FNDA:2,isValidationError
DA:1,1
DA:2,1
DA:3,1
DA:4,1
DA:6,1
DA:8,2
DA:9,2
DA:10,2
DA:11,2
DA:13,2
DA:15,1
DA:16,2
DA:17,2
DA:18,2
DA:19,1
DA:20,1
DA:21,1
DA:22,2
DA:23,2
DA:24,2
DA:25,1
DA:26,1
DA:27,1
DA:28,1
DA:29,1
DA:30,1
DA:31,1
DA:32,1
DA:33,2
DA:35,1
DA:36,1
DA:37,1
DA:38,1
DA:39,1
DA:40,1
DA:41,1
DA:42,1
DA:43,1
DA:44,1
DA:45,0
DA:46,0
DA:47,0
DA:48,0
DA:49,0
DA:50,0
DA:51,0
DA:52,0
DA:53,1
DA:55,1
DA:56,1
DA:57,1
DA:58,1
DA:59,1
DA:60,0
DA:61,0
DA:62,0
DA:63,0
DA:64,0
DA:65,0
DA:66,1
DA:68,1
DA:69,1
DA:70,1
DA:71,1
DA:72,1
DA:73,0
DA:74,0
DA:75,0
DA:76,0
DA:77,0
DA:78,0
DA:79,1
DA:81,1
DA:82,1
DA:83,1
DA:84,1
DA:85,1
DA:86,0
DA:87,0
DA:88,0
DA:89,0
DA:90,0
DA:91,0
DA:92,1
DA:94,1
DA:95,0
DA:96,0
DA:97,0
DA:98,0
DA:99,0
DA:100,0
DA:101,0
DA:102,0
DA:103,0
DA:104,0
DA:105,0
DA:107,1
DA:108,1
DA:109,1
DA:110,1
DA:111,1
DA:112,1
DA:113,1
DA:114,1
DA:115,0
DA:116,0
DA:117,0
DA:118,0
DA:119,0
DA:120,0
DA:121,1
DA:123,1
DA:124,1
DA:125,1
DA:126,1
DA:127,1
DA:128,1
DA:129,0
DA:130,0
DA:131,0
DA:132,0
DA:133,0
DA:134,0
DA:135,0
DA:136,1
DA:138,1
DA:139,2
DA:140,2
DA:141,2
DA:142,2
DA:143,1
DA:144,1
DA:145,1
DA:146,2
DA:147,0
DA:148,0
DA:149,0
DA:150,0
DA:151,0
DA:152,0
DA:153,0
DA:154,2
LF:142
LH:85
BRDA:8,0,0,2
BRDA:15,1,0,2
BRDA:18,2,0,1
BRDA:24,3,0,1
BRDA:29,4,0,0
BRDA:30,5,0,0
BRDA:35,6,0,1
BRDA:38,7,0,0
BRDA:44,8,0,0
BRDA:55,9,0,1
BRDA:59,10,0,0
BRDA:68,11,0,1
BRDA:72,12,0,0
BRDA:81,13,0,1
BRDA:85,14,0,0
BRDA:107,15,0,1
BRDA:111,16,0,0
BRDA:114,17,0,0
BRDA:123,18,0,1
BRDA:128,19,0,0
BRDA:138,20,0,2
BRDA:142,21,0,1
BRDA:146,22,0,0
BRF:23
BRH:12
end_of_record
TN:
SF:src\services\criticalZones.ts
FN:53,toRadians
FN:57,getCriticalZones
FN:61,distanceMeters
FN:77,findCriticalZoneForVehicle
FN:95,getVehiclesInCriticalZones
FN:110,isStoppedTelemetry
FN:115,calculateStoppedSince
FNF:7
FNH:7
FNDA:12,toRadians
FNDA:1,getCriticalZones
FNDA:3,distanceMeters
FNDA:1,findCriticalZoneForVehicle
FNDA:1,getVehiclesInCriticalZones
FNDA:3,isStoppedTelemetry
FNDA:1,calculateStoppedSince
DA:2,1
DA:24,1
DA:26,1
DA:27,1
DA:28,1
DA:29,1
DA:30,1
DA:31,1
DA:32,1
DA:33,1
DA:34,1
DA:35,1
DA:36,1
DA:37,1
DA:38,1
DA:39,1
DA:40,1
DA:41,1
DA:42,1
DA:43,1
DA:44,1
DA:45,1
DA:46,1
DA:47,1
DA:48,1
DA:49,1
DA:50,1
DA:51,1
DA:53,12
DA:54,12
DA:55,12
DA:57,1
DA:58,1
DA:59,1
DA:61,1
DA:62,3
DA:63,3
DA:64,3
DA:65,3
DA:66,3
DA:67,3
DA:68,3
DA:70,3
DA:71,3
DA:72,3
DA:74,3
DA:75,3
DA:77,1
DA:78,1
DA:79,1
DA:81,1
DA:82,1
DA:83,1
DA:84,1
DA:86,1
DA:87,1
DA:88,3
DA:89,3
DA:90,1
DA:91,1
DA:92,1
DA:93,1
DA:95,1
DA:96,1
DA:97,1
DA:98,1
DA:100,1
DA:101,1
DA:102,1
DA:103,1
DA:104,1
DA:105,1
DA:106,1
DA:107,1
DA:108,1
DA:110,1
DA:111,3
DA:112,3
DA:113,3
DA:115,1
DA:116,1
DA:117,1
DA:118,1
DA:120,1
DA:122,1
DA:123,2
DA:124,2
DA:125,2
DA:127,1
DA:128,1
LF:90
LH:90
BRDA:53,0,0,12
BRDA:57,1,0,1
BRDA:61,2,0,3
BRDA:77,3,0,1
BRDA:78,4,0,0
BRDA:79,5,0,0
BRDA:92,6,0,0
BRDA:87,7,0,3
BRDA:91,8,0,3
BRDA:95,9,0,1
BRDA:96,10,0,1
BRDA:98,11,0,0
BRDA:110,12,0,3
BRDA:111,13,0,0
BRDA:112,14,0,0
BRDA:115,15,0,1
BRDA:118,16,0,0
BRDA:122,17,0,2
BRDA:123,18,0,0
BRDA:116,19,0,1
BRF:20
BRH:12
end_of_record
TN:
SF:src\services\fleetReadModel.ts
FN:24,normalizeFleetState
FN:43,buildFleetSummary
FN:47,buildFleetSummaryFromNormalized
FN:63,buildFleetSnapshot
FN:72,buildVehicleDetail
FNF:5
FNH:3
FNDA:2,normalizeFleetState
FNDA:0,buildFleetSummary
FNDA:1,buildFleetSummaryFromNormalized
FNDA:1,buildFleetSnapshot
FNDA:0,buildVehicleDetail
DA:21,1
DA:22,1
DA:24,1
DA:25,2
DA:27,2
DA:28,3
DA:29,3
DA:30,3
DA:31,1
DA:32,2
DA:33,1
DA:34,1
DA:36,3
DA:37,3
DA:38,3
DA:39,3
DA:40,2
DA:41,2
DA:43,1
DA:44,0
DA:45,0
DA:47,1
DA:48,1
DA:49,1
DA:50,1
DA:51,1
DA:52,1
DA:54,1
DA:55,1
DA:56,1
DA:57,1
DA:58,1
DA:59,1
DA:60,1
DA:61,1
DA:63,1
DA:64,1
DA:66,1
DA:67,1
DA:68,1
DA:69,1
DA:70,1
DA:72,1
DA:73,0
DA:75,0
DA:76,0
DA:77,0
DA:79,0
DA:80,0
DA:81,0
DA:82,0
DA:83,0
DA:84,0
LF:53
LH:41
BRDA:24,0,0,2
BRDA:27,1,0,3
BRDA:28,2,0,0
BRDA:30,3,0,1
BRDA:31,4,0,2
BRDA:32,5,0,1
BRDA:32,6,0,0
BRDA:32,7,0,1
BRDA:33,8,0,1
BRDA:47,9,0,1
BRDA:50,10,0,2
BRDA:51,11,0,2
BRDA:52,12,0,2
BRDA:63,13,0,1
BRF:14
BRH:12
end_of_record
TN:
SF:src\services\telemetryService.ts
FNF:0
FNH:0
DA:1,1
DA:3,1
DA:4,1
DA:5,1
DA:6,1
DA:7,1
DA:8,1
DA:9,1
DA:10,1
DA:11,1
DA:12,1
DA:13,1
DA:14,1
LF:13
LH:13
BRF:0
BRH:0
end_of_record
TN:
SF:src\simulator\telemetrySimulator.ts
FN:1,(empty-report)
FNF:1
FNH:0
FNDA:0,(empty-report)
DA:1,0
DA:15,0
DA:16,0
DA:17,0
DA:18,0
DA:19,0
DA:20,0
DA:21,0
DA:22,0
DA:23,0
DA:24,0
DA:25,0
DA:26,0
DA:28,0
DA:29,0
DA:30,0
DA:32,0
DA:33,0
DA:34,0
DA:35,0
DA:36,0
DA:38,0
DA:39,0
DA:40,0
DA:42,0
DA:43,0
DA:44,0
DA:45,0
DA:46,0
DA:47,0
DA:48,0
DA:49,0
DA:50,0
DA:51,0
DA:52,0
DA:53,0
DA:54,0
DA:55,0
DA:56,0
DA:58,0
DA:59,0
DA:60,0
DA:62,0
DA:63,0
DA:64,0
DA:65,0
DA:67,0
DA:68,0
DA:69,0
DA:70,0
DA:71,0
DA:73,0
DA:74,0
DA:75,0
DA:76,0
DA:77,0
DA:78,0
DA:79,0
DA:81,0
DA:82,0
DA:83,0
DA:85,0
DA:86,0
DA:87,0
DA:88,0
DA:89,0
DA:90,0
DA:91,0
DA:92,0
DA:93,0
DA:95,0
DA:96,0
DA:97,0
DA:98,0
DA:99,0
DA:100,0
DA:101,0
DA:102,0
DA:103,0
DA:104,0
DA:106,0
DA:107,0
DA:108,0
DA:109,0
DA:110,0
DA:111,0
DA:112,0
DA:113,0
DA:114,0
DA:116,0
DA:117,0
DA:118,0
DA:119,0
DA:120,0
DA:122,0
DA:123,0
DA:124,0
DA:125,0
DA:126,0
DA:127,0
DA:128,0
DA:130,0
DA:131,0
DA:132,0
DA:133,0
DA:134,0
DA:136,0
DA:137,0
DA:138,0
DA:139,0
DA:140,0
DA:142,0
DA:143,0
DA:144,0
DA:145,0
DA:147,0
DA:148,0
DA:149,0
DA:151,0
DA:153,0
DA:154,0
DA:155,0
DA:156,0
DA:157,0
DA:159,0
DA:160,0
DA:161,0
DA:162,0
DA:163,0
DA:165,0
DA:166,0
DA:167,0
DA:169,0
DA:170,0
DA:171,0
DA:172,0
DA:173,0
DA:174,0
DA:175,0
DA:176,0
DA:177,0
DA:178,0
DA:179,0
DA:180,0
DA:182,0
LF:145
LH:0
BRDA:1,0,0,0
BRF:1
BRH:0
end_of_record
TN:
SF:src\storage\agentAudit.ts
FN:6,isStorageFailure
FN:10,appendAgentTrace
FN:26,getAgentConversation
FNF:3
FNH:2
FNDA:0,isStorageFailure
FNDA:1,appendAgentTrace
FNDA:1,getAgentConversation
DA:1,1
DA:2,1
DA:4,1
DA:6,0
DA:7,0
DA:8,0
DA:10,1
DA:11,1
DA:12,1
DA:13,1
DA:15,0
DA:16,0
DA:17,0
DA:18,0
DA:19,0
DA:20,0
DA:21,0
DA:22,0
DA:23,0
DA:24,1
DA:26,1
DA:27,1
DA:28,1
DA:29,1
DA:31,0
DA:32,0
DA:33,0
DA:34,0
DA:35,0
DA:36,0
DA:37,1
LF:31
LH:13
BRDA:10,0,0,1
BRDA:13,1,0,0
BRDA:26,2,0,1
BRDA:29,3,0,0
BRF:4
BRH:2
end_of_record
TN:
SF:src\storage\agentAuditTypes.ts
FN:1,(empty-report)
FNF:1
FNH:1
FNDA:1,(empty-report)
LF:0
LH:0
BRDA:1,0,0,1
BRF:1
BRH:1
end_of_record
TN:
SF:src\storage\db_json.ts
FN:19,readAll
FN:30,writeAll
FN:34,compactEvents
FN:52,readOutbox
FN:63,writeOutbox
FN:67,readAgentTraces
FN:78,writeAgentTraces
FN:82,insertEvent
FN:86,insertEvents
FN:103,saveEventsWithOutbox
FN:141,getFleetState
FN:158,getEventsForVehicle
FN:163,getFastestVehicles
FN:210,getTelemetryStats
FN:223,claimPendingOutbox
FN:262,markOutboxPublished
FN:282,markOutboxRetry
FN:305,markOutboxDead
FN:309,appendAgentTrace
FN:321,getAgentConversation
FNF:20
FNH:4
FNDA:0,readAll
FNDA:0,writeAll
FNDA:0,compactEvents
FNDA:0,readOutbox
FNDA:0,writeOutbox
FNDA:2,readAgentTraces
FNDA:1,writeAgentTraces
FNDA:0,insertEvent
FNDA:0,insertEvents
FNDA:0,saveEventsWithOutbox
FNDA:0,getFleetState
FNDA:0,getEventsForVehicle
FNDA:0,getFastestVehicles
FNDA:0,getTelemetryStats
FNDA:0,claimPendingOutbox
FNDA:0,markOutboxPublished
FNDA:0,markOutboxRetry
FNDA:0,markOutboxDead
FNDA:1,appendAgentTrace
FNDA:1,getAgentConversation
DA:1,1
DA:2,1
DA:7,1
DA:8,1
DA:9,1
DA:10,1
DA:11,1
DA:12,1
DA:13,1
DA:14,1
DA:15,1
DA:16,1
DA:17,1
DA:19,0
DA:20,0
DA:21,0
DA:22,0
DA:23,0
DA:24,0
DA:25,0
DA:26,0
DA:27,0
DA:28,0
DA:30,0
DA:31,0
DA:32,0
DA:34,0
DA:35,0
DA:37,0
DA:38,0
DA:39,0
DA:40,0
DA:41,0
DA:43,0
DA:44,0
DA:45,0
DA:46,0
DA:47,0
DA:49,0
DA:50,0
DA:52,0
DA:53,0
DA:54,0
DA:55,0
DA:56,0
DA:57,0
DA:58,0
DA:59,0
DA:60,0
DA:61,0
DA:63,0
DA:64,0
DA:65,0
DA:67,2
DA:68,2
DA:69,2
DA:70,1
DA:71,1
DA:72,2
DA:73,0
DA:74,0
DA:75,0
DA:76,2
DA:78,1
DA:79,1
DA:80,1
DA:82,1
DA:83,0
DA:84,0
DA:86,1
DA:87,0
DA:89,0
DA:90,0
DA:92,0
DA:93,0
DA:94,0
DA:96,0
DA:97,0
DA:98,0
DA:100,0
DA:101,0
DA:103,1
DA:104,0
DA:106,0
DA:107,0
DA:108,0
DA:109,0
DA:110,0
DA:111,0
DA:112,0
DA:113,0
DA:114,0
DA:116,0
DA:117,0
DA:118,0
DA:119,0
DA:120,0
DA:122,0
DA:123,0
DA:124,0
DA:125,0
DA:126,0
DA:127,0
DA:128,0
DA:129,0
DA:130,0
DA:131,0
DA:132,0
DA:133,0
DA:134,0
DA:135,0
DA:136,0
DA:138,0
DA:139,0
DA:141,1
DA:142,0
DA:143,0
DA:144,0
DA:145,0
DA:146,0
DA:147,0
DA:148,0
DA:149,0
DA:150,0
DA:151,0
DA:152,0
DA:153,0
DA:154,0
DA:155,0
DA:156,0
DA:158,1
DA:159,0
DA:160,0
DA:161,0
DA:163,1
DA:164,0
DA:173,0
DA:175,0
DA:176,0
DA:177,0
DA:178,0
DA:179,0
DA:180,0
DA:181,0
DA:182,0
DA:184,0
DA:185,0
DA:187,0
DA:188,0
DA:189,0
DA:190,0
DA:191,0
DA:192,0
DA:193,0
DA:194,0
DA:195,0
DA:196,0
DA:198,0
DA:199,0
DA:201,0
DA:202,0
DA:203,0
DA:204,0
DA:205,0
DA:206,0
DA:207,0
DA:208,0
DA:210,1
DA:211,0
DA:212,0
DA:213,0
DA:214,0
DA:216,0
DA:217,0
DA:218,0
DA:219,0
DA:220,0
DA:221,0
DA:223,1
DA:224,0
DA:225,0
DA:226,0
DA:227,0
DA:228,0
DA:229,0
DA:230,0
DA:232,0
DA:233,0
DA:235,0
DA:236,0
DA:238,0
DA:239,0
DA:240,0
DA:241,0
DA:242,0
DA:243,0
DA:244,0
DA:245,0
DA:246,0
DA:248,0
DA:249,0
DA:250,0
DA:252,0
DA:253,0
DA:254,0
DA:255,0
DA:256,0
DA:257,0
DA:258,0
DA:259,0
DA:260,0
DA:262,1
DA:263,0
DA:265,0
DA:266,0
DA:267,0
DA:268,0
DA:269,0
DA:270,0
DA:271,0
DA:272,0
DA:273,0
DA:274,0
DA:275,0
DA:276,0
DA:277,0
DA:279,0
DA:280,0
DA:282,1
DA:283,0
DA:284,0
DA:285,0
DA:286,0
DA:287,0
DA:288,0
DA:289,0
DA:290,0
DA:291,0
DA:292,0
DA:293,0
DA:294,0
DA:295,0
DA:296,0
DA:297,0
DA:298,0
DA:299,0
DA:300,0
DA:302,0
DA:303,0
DA:305,1
DA:306,0
DA:307,0
DA:309,1
DA:310,1
DA:311,1
DA:313,1
DA:314,0
DA:315,0
DA:317,1
DA:318,1
DA:319,1
DA:321,1
DA:322,1
DA:323,1
DA:324,1
DA:325,1
DA:326,1
DA:327,1
DA:328,1
DA:329,1
DA:330,1
DA:331,1
DA:332,1
LF:273
LH:53
BRDA:8,0,0,0
BRDA:11,1,0,6
BRDA:12,2,0,0
BRDA:16,3,0,0
BRDA:67,4,0,2
BRDA:69,5,0,1
BRDA:72,6,0,0
BRDA:78,7,0,1
BRDA:309,8,0,1
BRDA:313,9,0,0
BRDA:321,10,0,1
BRDA:323,11,0,1
BRDA:326,12,0,1
BRF:13
BRH:8
end_of_record
TN:
SF:src\storage\outboxTypes.ts
FN:1,(empty-report)
FNF:1
FNH:1
FNDA:1,(empty-report)
LF:0
LH:0
BRDA:1,0,0,1
BRF:1
BRH:1
end_of_record
TN:
SF:src\storage\pg.ts
FN:27,ensureSchema
FN:125,executeDb
FN:144,insertEvent
FN:148,buildInsertStatement
FN:169,chunkEvents
FN:179,insertEvents
FN:204,saveEventsWithOutbox
FN:260,getFleetState
FN:297,getEventsForVehicle
FN:341,getFastestVehicles
FN:389,getTelemetryStats
FN:414,claimPendingOutbox
FN:477,markOutboxPublished
FN:497,markOutboxRetry
FN:526,markOutboxDead
FN:530,isConnected
FN:542,appendAgentTrace
FN:598,getAgentConversation
FNF:18
FNH:0
FNDA:0,ensureSchema
FNDA:0,executeDb
FNDA:0,insertEvent
FNDA:0,buildInsertStatement
FNDA:0,chunkEvents
FNDA:0,insertEvents
FNDA:0,saveEventsWithOutbox
FNDA:0,getFleetState
FNDA:0,getEventsForVehicle
FNDA:0,getFastestVehicles
FNDA:0,getTelemetryStats
FNDA:0,claimPendingOutbox
FNDA:0,markOutboxPublished
FNDA:0,markOutboxRetry
FNDA:0,markOutboxDead
FNDA:0,isConnected
FNDA:0,appendAgentTrace
FNDA:0,getAgentConversation
DA:1,1
DA:4,1
DA:7,1
DA:8,1
DA:10,1
DA:11,1
DA:12,1
DA:13,1
DA:15,1
DA:16,1
DA:17,1
DA:18,1
DA:20,1
DA:21,1
DA:22,1
DA:23,1
DA:25,1
DA:27,0
DA:28,0
DA:30,0
DA:32,0
DA:42,0
DA:44,0
DA:47,0
DA:49,0
DA:63,0
DA:65,0
DA:68,0
DA:70,0
DA:86,0
DA:88,0
DA:91,0
DA:93,0
DA:120,0
DA:122,0
DA:123,0
DA:125,0
DA:126,0
DA:127,0
DA:128,0
DA:130,0
DA:131,0
DA:132,0
DA:133,0
DA:134,0
DA:135,0
DA:136,0
DA:137,0
DA:138,0
DA:139,0
DA:140,0
DA:141,0
DA:142,0
DA:144,0
DA:145,0
DA:146,0
DA:148,0
DA:149,0
DA:150,0
DA:151,0
DA:152,0
DA:153,0
DA:154,0
DA:155,0
DA:156,0
DA:157,0
DA:158,0
DA:159,0
DA:160,0
DA:161,0
DA:162,0
DA:163,0
DA:164,0
DA:166,0
DA:167,0
DA:169,0
DA:170,0
DA:172,0
DA:173,0
DA:174,0
DA:176,0
DA:177,0
DA:179,0
DA:180,0
DA:182,0
DA:183,0
DA:184,0
DA:185,0
DA:186,0
DA:187,0
DA:189,0
DA:198,0
DA:199,0
DA:200,0
DA:201,0
DA:202,0
DA:204,0
DA:205,0
DA:207,0
DA:208,0
DA:209,0
DA:211,0
DA:212,0
DA:214,0
DA:215,0
DA:216,0
DA:217,0
DA:219,0
DA:228,0
DA:229,0
DA:231,0
DA:232,0
DA:233,0
DA:234,0
DA:235,0
DA:236,0
DA:237,0
DA:238,0
DA:240,0
DA:241,0
DA:243,0
DA:246,0
DA:247,0
DA:248,0
DA:250,0
DA:251,0
DA:252,0
DA:253,0
DA:254,0
DA:255,0
DA:256,0
DA:257,0
DA:258,0
DA:260,0
DA:261,0
DA:262,0
DA:263,0
DA:272,0
DA:284,0
DA:286,0
DA:287,0
DA:288,0
DA:289,0
DA:290,0
DA:291,0
DA:292,0
DA:293,0
DA:294,0
DA:295,0
DA:297,0
DA:298,0
DA:299,0
DA:300,0
DA:301,0
DA:302,0
DA:303,0
DA:312,0
DA:326,0
DA:327,0
DA:329,0
DA:330,0
DA:331,0
DA:332,0
DA:333,0
DA:334,0
DA:335,0
DA:336,0
DA:337,0
DA:338,0
DA:339,0
DA:341,0
DA:342,0
DA:343,0
DA:344,0
DA:351,0
DA:373,0
DA:374,0
DA:376,0
DA:377,0
DA:378,0
DA:379,0
DA:380,0
DA:381,0
DA:382,0
DA:383,0
DA:384,0
DA:385,0
DA:386,0
DA:387,0
DA:389,0
DA:390,0
DA:391,0
DA:392,0
DA:397,0
DA:404,0
DA:406,0
DA:407,0
DA:408,0
DA:409,0
DA:410,0
DA:411,0
DA:412,0
DA:414,0
DA:415,0
DA:416,0
DA:417,0
DA:428,0
DA:460,0
DA:461,0
DA:463,0
DA:464,0
DA:465,0
DA:466,0
DA:467,0
DA:468,0
DA:469,0
DA:470,0
DA:471,0
DA:472,0
DA:473,0
DA:474,0
DA:475,0
DA:477,0
DA:478,0
DA:480,0
DA:481,0
DA:482,0
DA:483,0
DA:492,0
DA:493,0
DA:494,0
DA:495,0
DA:497,0
DA:498,0
DA:499,0
DA:500,0
DA:501,0
DA:502,0
DA:503,0
DA:504,0
DA:505,0
DA:506,0
DA:507,0
DA:508,0
DA:521,0
DA:522,0
DA:523,0
DA:524,0
DA:526,0
DA:527,0
DA:528,0
DA:530,0
DA:531,0
DA:532,0
DA:533,0
DA:534,0
DA:535,0
DA:536,0
DA:537,0
DA:538,0
DA:539,0
DA:540,0
DA:542,0
DA:543,0
DA:544,0
DA:545,0
DA:546,0
DA:579,0
DA:580,0
DA:581,0
DA:582,0
DA:583,0
DA:584,0
DA:585,0
DA:586,0
DA:587,0
DA:588,0
DA:589,0
DA:590,0
DA:591,0
DA:592,0
DA:593,0
DA:594,0
DA:595,0
DA:596,0
DA:598,0
DA:599,0
DA:600,0
DA:601,0
DA:607,0
DA:618,0
DA:619,0
DA:621,0
DA:622,0
DA:623,0
DA:624,0
DA:625,0
DA:626,0
DA:627,0
DA:628,0
DA:629,0
DA:630,0
LF:302
LH:17
BRDA:22,0,0,0
BRF:1
BRH:0
end_of_record
TN:
SF:src\storage\storageMode.ts
FNF:0
FNH:0
DA:1,1
LF:1
LH:1
BRDA:1,0,0,0
BRF:1
BRH:0
end_of_record
TN:
SF:src\storage\telemetryOutbox.ts
FN:7,isStorageFailure
FN:11,saveEventsWithOutbox
FN:27,claimPendingOutbox
FN:43,markOutboxPublished
FN:58,markOutboxRetry
FN:71,markOutboxDead
FNF:6
FNH:0
FNDA:0,isStorageFailure
FNDA:0,saveEventsWithOutbox
FNDA:0,claimPendingOutbox
FNDA:0,markOutboxPublished
FNDA:0,markOutboxRetry
FNDA:0,markOutboxDead
DA:1,1
DA:2,1
DA:5,1
DA:7,0
DA:8,0
DA:9,0
DA:11,0
DA:12,0
DA:13,0
DA:14,0
DA:16,0
DA:17,0
DA:18,0
DA:19,0
DA:20,0
DA:21,0
DA:22,0
DA:23,0
DA:24,0
DA:25,0
DA:27,0
DA:28,0
DA:29,0
DA:30,0
DA:31,0
DA:32,0
DA:33,0
DA:35,0
DA:36,0
DA:37,0
DA:38,0
DA:39,0
DA:40,0
DA:41,0
DA:43,0
DA:44,0
DA:46,0
DA:47,0
DA:48,0
DA:50,0
DA:51,0
DA:52,0
DA:53,0
DA:54,0
DA:55,0
DA:56,0
DA:58,0
DA:59,0
DA:60,0
DA:61,0
DA:63,0
DA:64,0
DA:65,0
DA:66,0
DA:67,0
DA:68,0
DA:69,0
DA:71,0
DA:72,0
DA:73,0
DA:74,0
DA:76,0
DA:77,0
DA:78,0
DA:79,0
DA:80,0
DA:81,0
DA:82,0
LF:68
LH:3
BRF:0
BRH:0
end_of_record
TN:
SF:src\storage\telemetryRepository.ts
FN:32,saveEvent
FN:35,saveEvents
FN:50,getFleetState
FN:62,getVehicleEvents
FN:74,getFastestVehicles
FN:86,getTelemetryStats
FNF:6
FNH:0
FNDA:0,saveEvent
FNDA:0,saveEvents
FNDA:0,getFleetState
FNDA:0,getVehicleEvents
FNDA:0,getFastestVehicles
FNDA:0,getTelemetryStats
DA:1,1
DA:2,1
DA:4,1
DA:31,1
DA:32,1
DA:33,0
DA:34,0
DA:35,1
DA:36,0
DA:38,0
DA:39,0
DA:40,0
DA:42,0
DA:43,0
DA:44,0
DA:45,0
DA:46,0
DA:47,0
DA:48,0
DA:49,0
DA:50,1
DA:51,0
DA:52,0
DA:53,0
DA:55,0
DA:56,0
DA:57,0
DA:58,0
DA:59,0
DA:60,0
DA:61,0
DA:62,1
DA:63,0
DA:64,0
DA:65,0
DA:67,0
DA:68,0
DA:69,0
DA:70,0
DA:71,0
DA:72,0
DA:73,0
DA:74,1
DA:75,0
DA:76,0
DA:77,0
DA:79,0
DA:80,0
DA:81,0
DA:82,0
DA:83,0
DA:84,0
DA:85,0
DA:86,1
DA:87,0
DA:88,0
DA:89,0
DA:91,0
DA:92,0
DA:93,0
DA:94,0
DA:95,0
DA:96,0
DA:97,0
DA:98,1
LF:65
LH:11
BRF:0
BRH:0
end_of_record
TN:
SF:src\types\telemetry.ts
FN:1,(empty-report)
FNF:1
FNH:1
FNDA:1,(empty-report)
LF:0
LH:0
BRDA:1,0,0,1
BRF:1
BRH:1
end_of_record
TN:
SF:src\utils\resilience.ts
FN:7,withRetry
FN:33,CircuitBreaker
FN:38,canExecute
FN:42,success
FN:47,failure
FNF:5
FNH:4
FNDA:4,withRetry
FNDA:13,CircuitBreaker
FNDA:1,canExecute
FNDA:1,success
FNDA:0,failure
DA:7,4
DA:8,4
DA:9,4
DA:10,4
DA:11,4
DA:12,4
DA:13,8
DA:14,8
DA:15,8
DA:16,6
DA:17,6
DA:18,4
DA:19,6
DA:20,6
DA:21,6
DA:22,6
DA:23,4
DA:24,8
DA:26,4
DA:27,4
DA:29,1
DA:30,1
DA:31,1
DA:33,1
DA:34,13
DA:35,13
DA:36,13
DA:38,1
DA:39,1
DA:40,1
DA:42,1
DA:43,1
DA:44,1
DA:45,1
DA:47,1
DA:48,0
DA:49,0
DA:50,0
DA:51,0
DA:52,0
DA:53,0
DA:54,1
LF:42
LH:36
BRDA:7,0,0,4
BRDA:12,1,0,8
BRDA:15,2,0,6
BRDA:17,3,0,2
BRDA:17,4,0,4
BRDA:19,5,0,0
BRDA:22,6,0,4
BRDA:24,7,0,3
BRDA:24,8,0,6
BRDA:26,9,0,2
BRDA:26,10,0,0
BRDA:22,11,0,4
BRDA:33,12,0,13
BRDA:38,13,0,1
BRDA:42,14,0,1
BRF:15
BRH:13
end_of_record
